TN:
SF:src/components/App/App.jsx
FN:11,App
FN:15,render
FNF:2
FNH:2
FNDA:1,App
FNDA:1,render
DA:1,1
DA:2,1
DA:3,1
DA:4,1
DA:5,1
DA:6,1
DA:7,1
DA:8,1
DA:9,1
DA:10,1
DA:11,1
DA:12,1
DA:13,1
DA:14,1
DA:15,1
DA:16,1
DA:17,1
DA:18,1
DA:19,1
DA:20,1
DA:21,1
DA:22,1
DA:23,1
DA:24,1
DA:25,1
DA:26,1
DA:27,1
LF:27
LH:27
BRDA:11,0,0,1
BRDA:15,1,0,1
BRF:2
BRH:2
end_of_record
TN:
SF:src/components/ProductDetail/ProductDetail.jsx
FN:7,ProductDetail
FNF:1
FNH:1
FNDA:5,ProductDetail
DA:1,1
DA:2,1
DA:3,1
DA:4,1
DA:5,1
DA:6,1
DA:7,1
DA:8,1
DA:9,1
DA:10,1
DA:11,1
DA:12,1
DA:13,1
DA:14,1
DA:15,1
DA:16,1
LF:16
LH:16
BRDA:7,0,0,5
BRF:1
BRH:1
end_of_record
TN:
SF:src/components/ProductDetail/styles.css
FN:1,Object.<anonymous>
FNF:1
FNH:1
FNDA:2,Object.<anonymous>
DA:1,2
DA:2,2
DA:3,2
LF:3
LH:3
BRDA:1,0,0,2
BRDA:1,1,0,2
BRF:2
BRH:2
end_of_record
TN:
SF:src/components/ProductDetail/DetailText/DetailText.jsx
FN:3,DetailText
FNF:1
FNH:1
FNDA:5,DetailText
DA:1,1
DA:2,1
DA:3,1
DA:4,5
DA:5,5
DA:6,5
DA:7,5
DA:8,5
DA:9,5
LF:9
LH:9
BRDA:3,0,0,5
BRF:1
BRH:1
end_of_record
TN:
SF:src/components/ProductDetail/ImageCarousel/ImageCarousel.jsx
FN:3,ImageCarousel
FNF:1
FNH:1
FNDA:5,ImageCarousel
DA:1,1
DA:2,1
DA:3,1
DA:4,5
DA:5,5
DA:6,5
DA:7,5
DA:8,5
DA:9,5
LF:9
LH:9
BRDA:3,0,0,5
BRF:1
BRH:1
end_of_record
TN:
SF:src/components/ProductDetail/StylesAndSizes/StylesAndSizes.jsx
FN:3,StylesAndSizes
FNF:1
FNH:1
FNDA:5,StylesAndSizes
DA:1,1
DA:2,1
DA:3,1
DA:4,5
DA:5,5
DA:6,5
DA:7,5
DA:8,5
DA:9,5
LF:9
LH:9
BRDA:3,0,0,5
BRF:1
BRH:1
end_of_record
TN:
SF:src/components/QuestionsAndAnswers/QuestionsAndAnswers.jsx
FN:4,QuestionsAndAnswers
FNF:1
FNH:1
FNDA:1,QuestionsAndAnswers
DA:1,1
DA:2,1
DA:3,1
DA:4,1
DA:5,1
DA:6,1
DA:7,1
DA:8,1
DA:9,1
DA:10,1
DA:11,1
DA:12,1
LF:12
LH:12
BRDA:4,0,0,1
BRF:1
BRH:1
end_of_record
TN:
SF:src/components/QuestionsAndAnswers/styles.css
FN:1,Object.<anonymous>
FNF:1
FNH:1
FNDA:1,Object.<anonymous>
DA:1,1
DA:2,1
DA:3,1
LF:3
LH:3
BRDA:1,0,0,1
BRDA:1,1,0,1
BRF:2
BRH:2
end_of_record
TN:
SF:src/components/RatingsAndReviews/RatingsAndReviews.jsx
FN:4,RatAndRev
FNF:1
FNH:1
FNDA:1,RatAndRev
DA:1,1
DA:2,1
DA:3,1
DA:4,1
DA:5,1
DA:6,1
DA:7,1
DA:8,1
DA:9,1
DA:10,1
LF:10
LH:10
BRDA:4,0,0,1
BRF:1
BRH:1
end_of_record
TN:
SF:src/components/RatingsAndReviews/styles.css
FN:1,Object.<anonymous>
FNF:1
FNH:1
FNDA:1,Object.<anonymous>
DA:1,1
DA:2,1
DA:3,1
LF:3
LH:3
BRDA:1,0,0,1
BRDA:1,1,0,1
BRF:2
BRH:2
end_of_record
