TN:
SF:src/components/App/App.jsx
FN:8,App
FN:12,render
FNF:2
FNH:2
FNDA:1,App
FNDA:1,render
DA:1,1
DA:2,1
DA:3,1
DA:4,1
DA:5,1
DA:6,1
DA:7,1
DA:8,1
DA:9,1
DA:10,1
DA:11,1
DA:12,1
DA:13,1
DA:14,1
DA:15,1
DA:16,1
DA:17,1
DA:18,1
DA:19,1
DA:20,1
DA:21,1
DA:22,1
LF:22
LH:22
BRDA:8,0,0,1
BRDA:12,1,0,1
BRF:2
BRH:2
end_of_record
TN:
SF:src/components/ProductDetail/ProductDetail.jsx
FN:3,ProductDetail
FNF:1
FNH:1
FNDA:2,ProductDetail
DA:1,1
DA:2,1
DA:3,1
DA:4,2
DA:5,2
DA:6,2
DA:7,2
DA:8,2
DA:9,2
DA:10,2
DA:11,1
DA:12,1
LF:12
LH:12
BRDA:3,0,0,2
BRF:1
BRH:1
end_of_record
TN:
SF:src/components/ProductDetail/styles.css
FN:1,Object.<anonymous>
FNF:1
FNH:1
FNDA:2,Object.<anonymous>
DA:1,2
DA:2,2
DA:3,2
LF:3
LH:3
BRDA:1,0,0,2
BRDA:1,1,0,2
BRF:2
BRH:2
end_of_record
